<?xml version="1.0" encoding="UTF-8"?>
<!-- Generated by org.testng.reporters.JUnitReportReporter -->
<testsuite skipped="0" hostname="COMPUTER-PC" name="lead.pages.CreateLead" tests="3" failures="0" timestamp="07 Jul 2018 07:23:14 GMT" time="227.631" errors="0">
  <testcase name="createLead" time="68.072" classname="lead.pages.CreateLead"/>
  <testcase name="createLead" time="62.194" classname="lead.pages.CreateLead"/>
  <testcase name="createLead" time="97.365" classname="lead.pages.CreateLead"/>
</testsuite> <!-- lead.pages.CreateLead -->
