<?xml version="1.0" encoding="UTF-8"?>
<!-- Generated by org.testng.reporters.JUnitReportReporter -->
<testsuite skipped="0" hostname="COMPUTER-PC" name="lib.selenium.ReadExcel" tests="1" failures="0" timestamp="30 Jun 2018 04:46:23 GMT" time="0.773" errors="0">
  <testcase name="readExcel" time="0.773" classname="lib.selenium.ReadExcel"/>
</testsuite> <!-- lib.selenium.ReadExcel -->
