<?xml version="1.0" encoding="UTF-8"?>
<!-- Generated by org.testng.reporters.JUnitReportReporter -->
<testsuite skipped="0" hostname="COMPUTER-PC" name="lead.pages.CreateLead2" tests="3" failures="0" timestamp="01 Jul 2018 07:43:25 GMT" time="151.013" errors="0">
  <testcase name="createLead" time="44.284" classname="lead.pages.CreateLead2"/>
  <testcase name="createLead" time="56.855" classname="lead.pages.CreateLead2"/>
  <testcase name="createLead" time="49.874" classname="lead.pages.CreateLead2"/>
</testsuite> <!-- lead.pages.CreateLead2 -->
