<?xml version="1.0" encoding="UTF-8"?>
<!-- Generated by org.testng.reporters.JUnitReportReporter -->
<testsuite skipped="0" hostname="COMPUTER-PC" name="lead.pages.EditLead" tests="3" failures="0" timestamp="07 Jul 2018 07:23:15 GMT" time="232.197" errors="0">
  <testcase name="editLead" time="53.263" classname="lead.pages.EditLead"/>
  <testcase name="editLead" time="87.419" classname="lead.pages.EditLead"/>
  <testcase name="editLead" time="91.515" classname="lead.pages.EditLead"/>
</testsuite> <!-- lead.pages.EditLead -->
