<?xml version="1.0" encoding="UTF-8"?>
<!-- Generated by org.testng.reporters.JUnitReportReporter -->
<testsuite skipped="0" hostname="COMPUTER-PC" name="tests.EditLead" tests="1" failures="0" timestamp="24 Jun 2018 04:57:23 GMT" time="45.149" errors="0">
  <testcase name="editLead" time="45.149" classname="tests.EditLead"/>
</testsuite> <!-- tests.EditLead -->
