<?xml version="1.0" encoding="UTF-8"?>
<!-- Generated by org.testng.reporters.JUnitReportReporter -->
<testsuite skipped="0" hostname="COMPUTER-PC" name="tests.Flipkart" tests="1" failures="0" timestamp="17 Jun 2018 13:23:47 GMT" time="19.650" errors="0">
  <testcase name="createLead" time="19.650" classname="tests.Flipkart"/>
</testsuite> <!-- tests.Flipkart -->
