<?xml version="1.0" encoding="UTF-8"?>
<!-- Generated by org.testng.reporters.JUnitReportReporter -->
<testsuite skipped="0" hostname="COMPUTER-PC" name="leaf.leads.CreateLead" tests="3" failures="0" timestamp="30 Jun 2018 16:17:08 GMT" time="111.006" errors="0">
  <testcase name="createLead" time="38.879" classname="leaf.leads.CreateLead"/>
  <testcase name="createLead" time="36.132" classname="leaf.leads.CreateLead"/>
  <testcase name="createLead" time="35.995" classname="leaf.leads.CreateLead"/>
</testsuite> <!-- leaf.leads.CreateLead -->
