<?xml version="1.0" encoding="UTF-8"?>
<!-- Generated by org.testng.reporters.JUnitReportReporter -->
<testsuite skipped="0" hostname="COMPUTER-PC" name="tests.CreatAccount" tests="1" failures="0" timestamp="20 Jun 2018 01:07:38 GMT" time="52.567" errors="0">
  <testcase name="createLead" time="52.567" classname="tests.CreatAccount"/>
</testsuite> <!-- tests.CreatAccount -->
