<?xml version="1.0" encoding="UTF-8"?>
<!-- Generated by org.testng.reporters.JUnitReportReporter -->
<testsuite skipped="0" hostname="COMPUTER-PC" name="tests.DuplicateLead" tests="1" failures="0" timestamp="23 Jun 2018 20:39:19 GMT" time="0.024" errors="1">
  <testcase name="duplicatelead" time="0.024" classname="tests.DuplicateLead">
    <error type="java.lang.NullPointerException">
      <![CDATA[java.lang.NullPointerException
at lib.listeners.WebDriverListener.takeSnap(WebDriverListener.java:161)
at lib.selenium.WebDriverServiceImpl.locateElement(WebDriverServiceImpl.java:55)
at tests.DuplicateLead.duplicatelead(DuplicateLead.java:13)
at sun.reflect.NativeMethodAccessorImpl.invoke0(Native Method)
at sun.reflect.NativeMethodAccessorImpl.invoke(NativeMethodAccessorImpl.java:62)
at sun.reflect.DelegatingMethodAccessorImpl.invoke(DelegatingMethodAccessorImpl.java:43)
at java.lang.reflect.Method.invoke(Method.java:498)
at org.testng.internal.MethodInvocationHelper.invokeMethod(MethodInvocationHelper.java:124)
at org.testng.internal.Invoker.invokeMethod(Invoker.java:583)
at org.testng.internal.Invoker.invokeTestMethod(Invoker.java:719)
at org.testng.internal.Invoker.invokeTestMethods(Invoker.java:989)
at org.testng.internal.TestMethodWorker.invokeTestMethods(TestMethodWorker.java:125)
at org.testng.internal.TestMethodWorker.run(TestMethodWorker.java:109)
at java.util.concurrent.ThreadPoolExecutor.runWorker(ThreadPoolExecutor.java:1149)
at java.util.concurrent.ThreadPoolExecutor$Worker.run(ThreadPoolExecutor.java:624)
at java.lang.Thread.run(Thread.java:748)
]]>
    </error>
  </testcase> <!-- duplicatelead -->
</testsuite> <!-- tests.DuplicateLead -->
